Starting Auto Git Sync every 10 minutes...
[main 88c2cca] Auto-sync at 2026-04-17 23:49:54
 2 files changed, 29 insertions(+)
 create mode 100644 auto_sync.log
 create mode 100755 auto_sync.sh
To https://github.com/divyansh1305/Clamp-Conversion-Claim-Intelligence.git
   1ae5dc0..88c2cca  main -> main
Changes synced to GitHub at 2026-04-17 23:49:54
[main e2d3c3c] Auto-sync at 2026-04-17 23:59:55
 2 files changed, 477 insertions(+)
 create mode 100644 aeterna-vault.html
To https://github.com/divyansh1305/Clamp-Conversion-Claim-Intelligence.git
   88c2cca..e2d3c3c  main -> main
Changes synced to GitHub at 2026-04-17 23:59:55
[main 6d05688] Auto-sync at 2026-04-18 00:09:57
 1 file changed, 6 insertions(+)
To https://github.com/divyansh1305/Clamp-Conversion-Claim-Intelligence.git
   e2d3c3c..6d05688  main -> main
Changes synced to GitHub at 2026-04-18 00:09:57
[main 435a2ee] Auto-sync at 2026-04-18 00:19:58
 3 files changed, 75 insertions(+)
 create mode 100644 TECH_STACK.md
To https://github.com/divyansh1305/Clamp-Conversion-Claim-Intelligence.git
   6d05688..435a2ee  main -> main
Changes synced to GitHub at 2026-04-18 00:19:58
[main 1bf4d07] Auto-sync at 2026-04-18 00:30:00
 1 file changed, 6 insertions(+)
To https://github.com/divyansh1305/Clamp-Conversion-Claim-Intelligence.git
   435a2ee..1bf4d07  main -> main
Changes synced to GitHub at 2026-04-18 00:30:00
[main b81c74f] Auto-sync at 2026-04-18 00:40:02
 2 files changed, 286 insertions(+), 370 deletions(-)
To https://github.com/divyansh1305/Clamp-Conversion-Claim-Intelligence.git
   1bf4d07..b81c74f  main -> main
Changes synced to GitHub at 2026-04-18 00:40:02
